<?xml version="1.0" encoding="UTF-8"?>
<!-- Generated by org.testng.reporters.JUnitReportReporter -->
<testsuite hostname="DESKTOP-3B2G8AU" failures="0" tests="6" name="tests.Test_002" time="17.595" errors="0" timestamp="06 Dec 2023 22:52:39 GMT" skipped="5">
  <testcase classname="tests.Test_002" name="loginMailBlank" time="17.595"/>
  <testcase classname="tests.Test_002" name="loginWrongMail">
    <skipped/>
  </testcase> <!-- loginWrongMail -->
  <testcase classname="tests.Test_002" name="loginInvalid">
    <skipped/>
  </testcase> <!-- loginInvalid -->
  <testcase classname="tests.Test_002" name="logPassBlank">
    <skipped/>
  </testcase> <!-- logPassBlank -->
  <testcase classname="tests.Test_002" name="loginBlankData">
    <skipped/>
  </testcase> <!-- loginBlankData -->
  <testcase classname="tests.Test_002" name="loginWrongPass">
    <skipped/>
  </testcase> <!-- loginWrongPass -->
</testsuite> <!-- tests.Test_002 -->
