<?xml version="1.0" encoding="UTF-8"?>
<!-- Generated by org.testng.reporters.JUnitReportReporter -->
<testsuite hostname="DESKTOP-3B2G8AU" failures="0" tests="2" name="utils.PropertiesReader" time="0.018" errors="0" timestamp="27 Nov 2023 23:00:47 GMT" skipped="0">
  <testcase classname="utils.PropertiesReader" name="readData" time="0.002"/>
  <testcase classname="utils.PropertiesReader" name="getData" time="0.016"/>
</testsuite> <!-- utils.PropertiesReader -->
